setting 'ivy.default.settings.dir' to 'jar:file:/C:/sbt-new/sbt/bin/sbt-launch.jar!/org/apache/ivy/core/settings'
setting 'ivy.basedir' to 'C:\scala_dev\projects\misc\.'
setting 'ivy.default.conf.dir' to 'jar:file:/C:/sbt-new/sbt/bin/sbt-launch.jar!/org/apache/ivy/core/settings'
impossible to define new type: class not found: org.apache.ivy.plugins.resolver.SshResolver in [] nor Ivy classloader
impossible to define new type: class not found: org.apache.ivy.plugins.resolver.VsftpResolver in [] nor Ivy classloader
impossible to define new type: class not found: org.apache.ivy.plugins.version.PatternVersionMatcher in [] nor Ivy classloader
impossible to define new type: class not found: org.apache.ivy.plugins.trigger.LogTrigger in [] nor Ivy classloader
impossible to define new type: class not found: org.apache.ivy.ant.AntBuildTrigger in [] nor Ivy classloader
impossible to define new type: class not found: org.apache.ivy.plugins.resolver.IvyRepResolver in [] nor Ivy classloader
impossible to define new type: class not found: org.apache.ivy.plugins.signer.bouncycastle.OpenPGPSignatureGenerator in [] nor Ivy classloader
impossible to define new type: class not found: org.apache.ivy.plugins.conflict.RegexpConflictManager in [] nor Ivy classloader
impossible to define new type: class not found: org.apache.ivy.plugins.resolver.SFTPResolver in [] nor Ivy classloader
impossible to define new type: class not found: org.apache.ivy.osgi.updatesite.UpdateSiteResolver in [] nor Ivy classloader
impossible to define new type: class not found: org.apache.ivy.ant.AntCallTrigger in [] nor Ivy classloader
impossible to define new type: class not found: org.apache.ivy.plugins.resolver.MirroredURLResolver in [] nor Ivy classloader
impossible to define new type: class not found: org.apache.ivy.plugins.resolver.packager.PackagerResolver in [] nor Ivy classloader
impossible to define new type: class not found: org.apache.ivy.plugins.resolver.DualResolver in [] nor Ivy classloader
impossible to define new type: class not found: org.apache.ivy.plugins.resolver.VfsResolver in [] nor Ivy classloader
impossible to define new type: class not found: org.apache.ivy.plugins.resolver.JarResolver in [] nor Ivy classloader
impossible to define new type: class not found: org.apache.ivy.osgi.obr.OBRResolver in [] nor Ivy classloader
impossible to define glob matcher: org.apache.ivy.plugins.matcher.GlobPatternMatcher was not found.
setting 'jline.esc.timeout' to '0'
setting 'java.runtime.name' to 'Java(TM) SE Runtime Environment'
setting 'sun.boot.library.path' to 'C:\Program Files\Java\jdk1.7.0_17\jre\bin'
setting 'java.vm.version' to '23.7-b01'
setting 'java.vm.vendor' to 'Oracle Corporation'
setting 'java.vendor.url' to 'http://java.oracle.com/'
setting 'path.separator' to ';'
setting 'java.vm.name' to 'Java HotSpot(TM) 64-Bit Server VM'
setting 'file.encoding.pkg' to 'sun.io'
setting 'user.country' to 'GB'
setting 'user.script' to ''
setting 'sun.java.launcher' to 'SUN_STANDARD'
setting 'sun.os.patch.level' to 'Service Pack 1'
setting 'java.vm.specification.name' to 'Java Virtual Machine Specification'
setting 'user.dir' to 'C:\scala_dev\projects\misc'
setting 'java.runtime.version' to '1.7.0_17-b02'
setting 'java.awt.graphicsenv' to 'sun.awt.Win32GraphicsEnvironment'
setting 'java.endorsed.dirs' to 'C:\Program Files\Java\jdk1.7.0_17\jre\lib\endorsed'
setting 'os.arch' to 'amd64'
setting 'java.io.tmpdir' to 'C:\Users\milori\AppData\Local\Temp\'
setting 'line.separator' to '
'
setting 'java.vm.specification.vendor' to 'Oracle Corporation'
setting 'user.variant' to ''
setting 'os.name' to 'Windows 7'
setting 'sun.jnu.encoding' to 'Cp1252'
setting 'java.library.path' to 'C:\Program Files\Java\jdk1.7.0_17\bin;C:\Windows\Sun\Java\bin;C:\Windows\system32;C:\Windows;C:\OraHome_2\bin;C:\sbt-new\sbt\bin;C:\Program Files\MongoDB\Server\3.0\bin;C:\elasticsearch-1.7.1\bin;C:\apache-maven-3.3.3\bin\;C:\Users\milori\AppData\Roaming\cabal\bin;C:\Users\milori\.lein\bin;.'
setting 'java.specification.name' to 'Java Platform API Specification'
setting 'java.class.version' to '51.0'
setting 'sun.management.compiler' to 'HotSpot 64-Bit Tiered Compilers'
setting 'os.version' to '6.1'
setting 'user.home' to 'C\Users\milori'
setting 'user.timezone' to 'Europe/London'
setting 'java.awt.printerjob' to 'sun.awt.windows.WPrinterJob'
setting 'file.encoding' to 'Cp1252'
setting 'java.specification.version' to '1.7'
setting 'java.class.path' to 'C:\sbt-new\sbt\bin\sbt-launch.jar'
setting 'user.name' to 'milori'
setting 'jline.shutdownhook' to 'false'
setting 'java.vm.specification.version' to '1.7'
setting 'sun.java.command' to 'xsbt.boot.Boot'
setting 'java.home' to 'C:\Program Files\Java\jdk1.7.0_17\jre'
setting 'sun.arch.data.model' to '64'
setting 'user.language' to 'en'
setting 'java.specification.vendor' to 'Oracle Corporation'
setting 'awt.toolkit' to 'sun.awt.windows.WToolkit'
setting 'java.vm.info' to 'mixed mode'
setting 'java.version' to '1.7.0_17'
setting 'java.ext.dirs' to 'C:\Program Files\Java\jdk1.7.0_17\jre\lib\ext;C:\Windows\Sun\Java\lib\ext'
setting 'sun.boot.class.path' to 'C:\Program Files\Java\jdk1.7.0_17\jre\lib\resources.jar;C:\Program Files\Java\jdk1.7.0_17\jre\lib\rt.jar;C:\Program Files\Java\jdk1.7.0_17\jre\lib\sunrsasign.jar;C:\Program Files\Java\jdk1.7.0_17\jre\lib\jsse.jar;C:\Program Files\Java\jdk1.7.0_17\jre\lib\jce.jar;C:\Program Files\Java\jdk1.7.0_17\jre\lib\charsets.jar;C:\Program Files\Java\jdk1.7.0_17\jre\lib\jfr.jar;C:\Program Files\Java\jdk1.7.0_17\jre\classes'
setting 'java.vendor' to 'Oracle Corporation'
setting 'file.separator' to '\'
setting 'java.vendor.url.bug' to 'http://bugreport.sun.com/bugreport/'
setting 'sun.io.unicode.encoding' to 'UnicodeLittle'
setting 'sun.cpu.endian' to 'little'
setting 'sun.desktop' to 'windows'
setting 'sun.cpu.isalist' to 'amd64'
setting 'ivy.default.ivy.user.dir' to 'C:\scala_dev\projects\misc\C\Users\milori\.ivy2'
setting 'ivy.home' to 'C:\scala_dev\projects\misc\C\Users\milori\.ivy2'
setting 'ivy.cache.dir' to 'C:\scala_dev\projects\misc\C\Users\milori\.ivy2\cache'
no default cache defined: set to C:\scala_dev\projects\misc\C\Users\milori\.ivy2\cache
setting 'ivy.checksums' to 'sha1,md5'
setting 'ivy.basedir' to 'C:\scala_dev\projects\misc\C\Users\milori\.sbt\boot'
setting 'basedir' to 'C:\scala_dev\projects\misc\C\Users\milori\.sbt\boot'
setting 'scala' to '2.10.4'
:: resolving dependencies :: org.scala-sbt#boot-scala;1.0
	confs: [default]
	validate = true
	refresh = false
resolving dependencies for configuration 'default'
== resolving dependencies for org.scala-sbt#boot-scala;1.0 [default]
loadData of org.scala-sbt#boot-scala;1.0 of rootConf=default
== resolving dependencies org.scala-sbt#boot-scala;1.0->org.scala-lang#scala-compiler;2.10.4 [default->default]
loadData of org.scala-lang#scala-compiler;2.10.4 of rootConf=default
	using redefined-public to resolve org.scala-lang#scala-compiler;2.10.4
redefined-public: Checking cache for: dependency: org.scala-lang#scala-compiler;2.10.4 {default=[default, optional(default)]}
redefined-public: no namespace defined: using system
No entry is found in the ModuleDescriptorCache : C:\scala_dev\projects\misc\C\Users\milori\.ivy2\cache\org.scala-lang\scala-compiler\ivy-2.10.4.xml
post 1.3 ivy file: using exact as default matcher
	resolver not found: null => trying to use the one configured for org.scala-lang#scala-compiler;2.10.4
	configured resolver found for org.scala-lang#scala-compiler;2.10.4: redefined-public: saving this data
	found ivy file in cache for org.scala-lang#scala-compiler;2.10.4 (resolved by redefined-public): C:\scala_dev\projects\misc\C\Users\milori\.ivy2\cache\org.scala-lang\scala-compiler\ivy-2.10.4.xml
redefined-public: module revision found in cache: org.scala-lang#scala-compiler;2.10.4
redefined-public: no latest strategy defined: using default
	found org.scala-lang#scala-compiler;2.10.4 in redefined-public
== resolving dependencies org.scala-sbt#boot-scala;1.0->org.scala-lang#scala-compiler;2.10.4 [default->runtime]
loadData of org.scala-lang#scala-compiler;2.10.4 of rootConf=default
== resolving dependencies org.scala-sbt#boot-scala;1.0->org.scala-lang#scala-compiler;2.10.4 [default->compile]
loadData of org.scala-lang#scala-compiler;2.10.4 of rootConf=default
== resolving dependencies org.scala-lang#scala-compiler;2.10.4->org.scala-lang#scala-library;2.10.4 [compile->master(*)]
loadData of org.scala-lang#scala-library;2.10.4 of rootConf=default
	using redefined-public to resolve org.scala-lang#scala-library;2.10.4
redefined-public: Checking cache for: dependency: org.scala-lang#scala-library;2.10.4 {compile=[compile(*), master(*)], runtime=[runtime(*)]}
No entry is found in the ModuleDescriptorCache : C:\scala_dev\projects\misc\C\Users\milori\.ivy2\cache\org.scala-lang\scala-library\ivy-2.10.4.xml
post 1.3 ivy file: using exact as default matcher
	resolver not found: null => trying to use the one configured for org.scala-lang#scala-library;2.10.4
	configured resolver found for org.scala-lang#scala-library;2.10.4: redefined-public: saving this data
	found ivy file in cache for org.scala-lang#scala-library;2.10.4 (resolved by redefined-public): C:\scala_dev\projects\misc\C\Users\milori\.ivy2\cache\org.scala-lang\scala-library\ivy-2.10.4.xml
redefined-public: module revision found in cache: org.scala-lang#scala-library;2.10.4
	found org.scala-lang#scala-library;2.10.4 in redefined-public
== resolving dependencies org.scala-lang#scala-compiler;2.10.4->org.scala-lang#scala-library;2.10.4 [compile->compile(*)]
loadData of org.scala-lang#scala-library;2.10.4 of rootConf=default
== resolving dependencies org.scala-lang#scala-compiler;2.10.4->org.scala-lang#scala-library;2.10.4 [compile->default]
loadData of org.scala-lang#scala-library;2.10.4 of rootConf=default
== resolving dependencies org.scala-lang#scala-compiler;2.10.4->org.scala-lang#scala-library;2.10.4 [compile->runtime]
loadData of org.scala-lang#scala-library;2.10.4 of rootConf=default
== resolving dependencies org.scala-lang#scala-compiler;2.10.4->org.scala-lang#scala-library;2.10.4 [compile->compile]
loadData of org.scala-lang#scala-library;2.10.4 of rootConf=default
== resolving dependencies org.scala-lang#scala-compiler;2.10.4->org.scala-lang#scala-library;2.10.4 [compile->master]
loadData of org.scala-lang#scala-library;2.10.4 of rootConf=default
== resolving dependencies org.scala-lang#scala-compiler;2.10.4->org.scala-lang#scala-library;2.10.4 [compile->runtime(*)]
loadData of org.scala-lang#scala-library;2.10.4 of rootConf=default
== resolving dependencies org.scala-lang#scala-compiler;2.10.4->org.scala-lang#scala-library;2.10.4 [compile->compile]
loadData of org.scala-lang#scala-library;2.10.4 of rootConf=default
default is loaded and no conf to load.  Skip loading
== resolving dependencies org.scala-lang#scala-compiler;2.10.4->org.scala-lang#scala-reflect;2.10.4 [compile->master(*)]
loadData of org.scala-lang#scala-reflect;2.10.4 of rootConf=default
	using redefined-public to resolve org.scala-lang#scala-reflect;2.10.4
redefined-public: Checking cache for: dependency: org.scala-lang#scala-reflect;2.10.4 {compile=[compile(*), master(*)], runtime=[runtime(*)]}
No entry is found in the ModuleDescriptorCache : C:\scala_dev\projects\misc\C\Users\milori\.ivy2\cache\org.scala-lang\scala-reflect\ivy-2.10.4.xml
post 1.3 ivy file: using exact as default matcher
	resolver not found: null => trying to use the one configured for org.scala-lang#scala-reflect;2.10.4
	configured resolver found for org.scala-lang#scala-reflect;2.10.4: redefined-public: saving this data
	found ivy file in cache for org.scala-lang#scala-reflect;2.10.4 (resolved by redefined-public): C:\scala_dev\projects\misc\C\Users\milori\.ivy2\cache\org.scala-lang\scala-reflect\ivy-2.10.4.xml
redefined-public: module revision found in cache: org.scala-lang#scala-reflect;2.10.4
	found org.scala-lang#scala-reflect;2.10.4 in redefined-public
== resolving dependencies org.scala-lang#scala-compiler;2.10.4->org.scala-lang#scala-reflect;2.10.4 [compile->compile(*)]
loadData of org.scala-lang#scala-reflect;2.10.4 of rootConf=default
== resolving dependencies org.scala-lang#scala-reflect;2.10.4->org.scala-lang#scala-library;2.10.4 [compile->master(*)]
loadData of org.scala-lang#scala-library;2.10.4 of rootConf=default
default is loaded and no conf to load.  Skip loading
== resolving dependencies org.scala-lang#scala-reflect;2.10.4->org.scala-lang#scala-library;2.10.4 [compile->compile(*)]
loadData of org.scala-lang#scala-library;2.10.4 of rootConf=default
default is loaded and no conf to load.  Skip loading
== resolving dependencies org.scala-lang#scala-compiler;2.10.4->org.scala-lang#scala-reflect;2.10.4 [compile->runtime(*)]
loadData of org.scala-lang#scala-reflect;2.10.4 of rootConf=default
== resolving dependencies org.scala-lang#scala-compiler;2.10.4->org.scala-lang#scala-reflect;2.10.4 [compile->compile]
loadData of org.scala-lang#scala-reflect;2.10.4 of rootConf=default
== resolving dependencies org.scala-lang#scala-reflect;2.10.4->org.scala-lang#scala-library;2.10.4 [runtime->runtime(*)]
loadData of org.scala-lang#scala-library;2.10.4 of rootConf=default
default is loaded and no conf to load.  Skip loading
== resolving dependencies org.scala-lang#scala-reflect;2.10.4->org.scala-lang#scala-library;2.10.4 [runtime->compile]
loadData of org.scala-lang#scala-library;2.10.4 of rootConf=default
default is loaded and no conf to load.  Skip loading
== resolving dependencies org.scala-lang#scala-compiler;2.10.4->org.scala-lang#scala-library;2.10.4 [runtime->runtime(*)]
loadData of org.scala-lang#scala-library;2.10.4 of rootConf=default
default is loaded and no conf to load.  Skip loading
== resolving dependencies org.scala-lang#scala-compiler;2.10.4->org.scala-lang#scala-library;2.10.4 [runtime->compile]
loadData of org.scala-lang#scala-library;2.10.4 of rootConf=default
default is loaded and no conf to load.  Skip loading
== resolving dependencies org.scala-lang#scala-compiler;2.10.4->org.scala-lang#scala-reflect;2.10.4 [runtime->runtime(*)]
loadData of org.scala-lang#scala-reflect;2.10.4 of rootConf=default
default is loaded and no conf to load.  Skip loading
== resolving dependencies org.scala-lang#scala-compiler;2.10.4->org.scala-lang#scala-reflect;2.10.4 [runtime->compile]
loadData of org.scala-lang#scala-reflect;2.10.4 of rootConf=default
default is loaded and no conf to load.  Skip loading
== resolving dependencies org.scala-sbt#boot-scala;1.0->org.scala-lang#scala-compiler;2.10.4 [default->master]
loadData of org.scala-lang#scala-compiler;2.10.4 of rootConf=default
== resolving dependencies org.scala-sbt#boot-scala;1.0->org.scala-lang#scala-compiler;2.10.4 [default->optional(default)]
loadData of org.scala-lang#scala-compiler;2.10.4 of rootConf=default
== resolving dependencies org.scala-lang#scala-compiler;2.10.4->org.scala-lang#jline;2.10.4 [optional->master(*)]
loadData of org.scala-lang#jline;2.10.4 of rootConf=default
	using redefined-public to resolve org.scala-lang#jline;2.10.4
redefined-public: Checking cache for: dependency: org.scala-lang#jline;2.10.4 {optional=[compile(*), master(*)]}
	no ivy file in cache for org.scala-lang#jline;2.10.4: tried C:\scala_dev\projects\misc\C\Users\milori\.ivy2\cache\org.scala-lang\jline\ivy-2.10.4.xml
local: no namespace defined: using system
	no ivy file in cache for org.scala-lang#jline;2.10.4: tried C:\scala_dev\projects\misc\C\Users\milori\.ivy2\cache\org.scala-lang\jline\ivy-2.10.4.xml
	 trying C:\scala_dev\projects\misc\C\Users\milori\.ivy2\local\org.scala-lang\jline\2.10.4\ivys\ivy.xml
		tried C:\scala_dev\projects\misc\C\Users\milori\.ivy2\local\org.scala-lang\jline\2.10.4\ivys\ivy.xml
	local: resource not reachable for org.scala-lang#jline;2.10.4: res=C:\scala_dev\projects\misc\C\Users\milori\.ivy2\local\org.scala-lang\jline\2.10.4\ivys\ivy.xml
	 trying C:\scala_dev\projects\misc\C\Users\milori\.ivy2\local\org.scala-lang\jline\2.10.4\jars\jline.jar
		tried C:\scala_dev\projects\misc\C\Users\milori\.ivy2\local\org.scala-lang\jline\2.10.4\jars\jline.jar
	local: resource not reachable for org.scala-lang#jline;2.10.4: res=C:\scala_dev\projects\misc\C\Users\milori\.ivy2\local\org.scala-lang\jline\2.10.4\jars\jline.jar
	local: no ivy file nor artifact found for org.scala-lang#jline;2.10.4
typesafe-ivy-releases: no namespace defined: using system
	no ivy file in cache for org.scala-lang#jline;2.10.4: tried C:\scala_dev\projects\misc\C\Users\milori\.ivy2\cache\org.scala-lang\jline\ivy-2.10.4.xml
	 trying http://repo.typesafe.com/typesafe/ivy-releases/org.scala-lang/jline/2.10.4/ivys/ivy.xml
		tried http://repo.typesafe.com/typesafe/ivy-releases/org.scala-lang/jline/2.10.4/ivys/ivy.xml
HTTP response status: 404 url=http://repo.typesafe.com/typesafe/ivy-releases/org.scala-lang/jline/2.10.4/ivys/ivy.xml
CLIENT ERROR: Not Found url=http://repo.typesafe.com/typesafe/ivy-releases/org.scala-lang/jline/2.10.4/ivys/ivy.xml
	typesafe-ivy-releases: resource not reachable for org.scala-lang#jline;2.10.4: res=http://repo.typesafe.com/typesafe/ivy-releases/org.scala-lang/jline/2.10.4/ivys/ivy.xml
	typesafe-ivy-releases: no ivy file found for org.scala-lang#jline;2.10.4
Maven Central: no namespace defined: using system
	no ivy file in cache for org.scala-lang#jline;2.10.4: tried C:\scala_dev\projects\misc\C\Users\milori\.ivy2\cache\org.scala-lang\jline\ivy-2.10.4.xml
	 trying http://repo1.maven.org/maven2/org/scala-lang/jline/2.10.4/jline-2.10.4.pom
		tried http://repo1.maven.org/maven2/org/scala-lang/jline/2.10.4/jline-2.10.4.pom
	Maven Central: found md file for org.scala-lang#jline;2.10.4
		=> http://repo1.maven.org/maven2/org/scala-lang/jline/2.10.4/jline-2.10.4.pom (2.10.4)
	parser = pom parser
	no ivy file in cache for org.scala-lang#jline;2.10.4: tried C:\scala_dev\projects\misc\C\Users\milori\.ivy2\cache\org.scala-lang\jline\ivy-2.10.4.xml
downloading http://repo1.maven.org/maven2/org/scala-lang/jline/2.10.4/jline-2.10.4.pom ...
	Maven Central: downloading http://repo1.maven.org/maven2/org/scala-lang/jline/2.10.4/jline-2.10.4.pom
		to C:\scala_dev\projects\misc\C\Users\milori\.ivy2\cache\org.scala-lang\jline\ivy-2.10.4.xml.original.part
sha1 file found for http://repo1.maven.org/maven2/org/scala-lang/jline/2.10.4/jline-2.10.4.pom: checking...
	Maven Central: downloading http://repo1.maven.org/maven2/org/scala-lang/jline/2.10.4/jline-2.10.4.pom.sha1
		to C:\Users\milori\AppData\Local\Temp\ivytmp698794276498102546sha1
sha1 OK for http://repo1.maven.org/maven2/org/scala-lang/jline/2.10.4/jline-2.10.4.pom
	[SUCCESSFUL ] org.scala-lang#jline;2.10.4!jline.pom(pom.original) (99ms)
	 trying C:\scala_dev\projects\misc\C\Users\milori\.ivy2\local\org.scala-lang\jline\2.10.4\jars\jline.jar
		tried C:\scala_dev\projects\misc\C\Users\milori\.ivy2\local\org.scala-lang\jline\2.10.4\jars\jline.jar
	local: resource not reachable for org.scala-lang#jline;2.10.4: res=C:\scala_dev\projects\misc\C\Users\milori\.ivy2\local\org.scala-lang\jline\2.10.4\jars\jline.jar
	 trying http://repo.typesafe.com/typesafe/ivy-releases/org.scala-lang/jline/2.10.4/jars/jline.jar
		tried http://repo.typesafe.com/typesafe/ivy-releases/org.scala-lang/jline/2.10.4/jars/jline.jar
HTTP response status: 404 url=http://repo.typesafe.com/typesafe/ivy-releases/org.scala-lang/jline/2.10.4/jars/jline.jar
CLIENT ERROR: Not Found url=http://repo.typesafe.com/typesafe/ivy-releases/org.scala-lang/jline/2.10.4/jars/jline.jar
	typesafe-ivy-releases: resource not reachable for org.scala-lang#jline;2.10.4: res=http://repo.typesafe.com/typesafe/ivy-releases/org.scala-lang/jline/2.10.4/jars/jline.jar
	 trying http://repo1.maven.org/maven2/org/scala-lang/jline/2.10.4/jline-2.10.4.jar
		tried http://repo1.maven.org/maven2/org/scala-lang/jline/2.10.4/jline-2.10.4.jar
no source artifact found for org.scala-lang#jline;2.10.4
no javadoc artifact found for org.scala-lang#jline;2.10.4
	default-cache: parsed downloaded md file for org.scala-lang#jline;2.10.4; parsed=org.scala-lang#jline;2.10.4
	checking org.scala-lang#jline;2.10.4 from Maven Central against [none]
	module revision kept as first found: org.scala-lang#jline;2.10.4 from Maven Central
	found org.scala-lang#jline;2.10.4 in Maven Central
== resolving dependencies org.scala-lang#scala-compiler;2.10.4->org.scala-lang#jline;2.10.4 [optional->compile(*)]
loadData of org.scala-lang#jline;2.10.4 of rootConf=default
== resolving dependencies org.scala-lang#jline;2.10.4->org.fusesource.jansi#jansi;1.4 [compile->master(*)]
loadData of org.fusesource.jansi#jansi;1.4 of rootConf=default
	using redefined-public to resolve org.fusesource.jansi#jansi;1.4
redefined-public: Checking cache for: dependency: org.fusesource.jansi#jansi;1.4 {compile=[compile(*), master(*)], runtime=[runtime(*)]}
	no ivy file in cache for org.fusesource.jansi#jansi;1.4: tried C:\scala_dev\projects\misc\C\Users\milori\.ivy2\cache\org.fusesource.jansi\jansi\ivy-1.4.xml
	no ivy file in cache for org.fusesource.jansi#jansi;1.4: tried C:\scala_dev\projects\misc\C\Users\milori\.ivy2\cache\org.fusesource.jansi\jansi\ivy-1.4.xml
	 trying C:\scala_dev\projects\misc\C\Users\milori\.ivy2\local\org.fusesource.jansi\jansi\1.4\ivys\ivy.xml
		tried C:\scala_dev\projects\misc\C\Users\milori\.ivy2\local\org.fusesource.jansi\jansi\1.4\ivys\ivy.xml
	local: resource not reachable for org.fusesource.jansi#jansi;1.4: res=C:\scala_dev\projects\misc\C\Users\milori\.ivy2\local\org.fusesource.jansi\jansi\1.4\ivys\ivy.xml
	 trying C:\scala_dev\projects\misc\C\Users\milori\.ivy2\local\org.fusesource.jansi\jansi\1.4\jars\jansi.jar
		tried C:\scala_dev\projects\misc\C\Users\milori\.ivy2\local\org.fusesource.jansi\jansi\1.4\jars\jansi.jar
	local: resource not reachable for org.fusesource.jansi#jansi;1.4: res=C:\scala_dev\projects\misc\C\Users\milori\.ivy2\local\org.fusesource.jansi\jansi\1.4\jars\jansi.jar
	local: no ivy file nor artifact found for org.fusesource.jansi#jansi;1.4
	no ivy file in cache for org.fusesource.jansi#jansi;1.4: tried C:\scala_dev\projects\misc\C\Users\milori\.ivy2\cache\org.fusesource.jansi\jansi\ivy-1.4.xml
	 trying http://repo.typesafe.com/typesafe/ivy-releases/org.fusesource.jansi/jansi/1.4/ivys/ivy.xml
		tried http://repo.typesafe.com/typesafe/ivy-releases/org.fusesource.jansi/jansi/1.4/ivys/ivy.xml
HTTP response status: 404 url=http://repo.typesafe.com/typesafe/ivy-releases/org.fusesource.jansi/jansi/1.4/ivys/ivy.xml
CLIENT ERROR: Not Found url=http://repo.typesafe.com/typesafe/ivy-releases/org.fusesource.jansi/jansi/1.4/ivys/ivy.xml
	typesafe-ivy-releases: resource not reachable for org.fusesource.jansi#jansi;1.4: res=http://repo.typesafe.com/typesafe/ivy-releases/org.fusesource.jansi/jansi/1.4/ivys/ivy.xml
	typesafe-ivy-releases: no ivy file found for org.fusesource.jansi#jansi;1.4
	no ivy file in cache for org.fusesource.jansi#jansi;1.4: tried C:\scala_dev\projects\misc\C\Users\milori\.ivy2\cache\org.fusesource.jansi\jansi\ivy-1.4.xml
	 trying http://repo1.maven.org/maven2/org/fusesource/jansi/jansi/1.4/jansi-1.4.pom
		tried http://repo1.maven.org/maven2/org/fusesource/jansi/jansi/1.4/jansi-1.4.pom
	Maven Central: found md file for org.fusesource.jansi#jansi;1.4
		=> http://repo1.maven.org/maven2/org/fusesource/jansi/jansi/1.4/jansi-1.4.pom (1.4)
	parser = pom parser
	no ivy file in cache for org.fusesource.jansi#jansi;1.4: tried C:\scala_dev\projects\misc\C\Users\milori\.ivy2\cache\org.fusesource.jansi\jansi\ivy-1.4.xml
downloading http://repo1.maven.org/maven2/org/fusesource/jansi/jansi/1.4/jansi-1.4.pom ...
	Maven Central: downloading http://repo1.maven.org/maven2/org/fusesource/jansi/jansi/1.4/jansi-1.4.pom
		to C:\scala_dev\projects\misc\C\Users\milori\.ivy2\cache\org.fusesource.jansi\jansi\ivy-1.4.xml.original.part
sha1 file found for http://repo1.maven.org/maven2/org/fusesource/jansi/jansi/1.4/jansi-1.4.pom: checking...
	Maven Central: downloading http://repo1.maven.org/maven2/org/fusesource/jansi/jansi/1.4/jansi-1.4.pom.sha1
		to C:\Users\milori\AppData\Local\Temp\ivytmp4723138844781464251sha1
sha1 OK for http://repo1.maven.org/maven2/org/fusesource/jansi/jansi/1.4/jansi-1.4.pom
	[SUCCESSFUL ] org.fusesource.jansi#jansi;1.4!jansi.pom(pom.original) (98ms)
	 trying C:\scala_dev\projects\misc\C\Users\milori\.ivy2\local\org.fusesource.jansi\jansi\1.4\jars\jansi.jar
		tried C:\scala_dev\projects\misc\C\Users\milori\.ivy2\local\org.fusesource.jansi\jansi\1.4\jars\jansi.jar
	local: resource not reachable for org.fusesource.jansi#jansi;1.4: res=C:\scala_dev\projects\misc\C\Users\milori\.ivy2\local\org.fusesource.jansi\jansi\1.4\jars\jansi.jar
	 trying http://repo.typesafe.com/typesafe/ivy-releases/org.fusesource.jansi/jansi/1.4/jars/jansi.jar
		tried http://repo.typesafe.com/typesafe/ivy-releases/org.fusesource.jansi/jansi/1.4/jars/jansi.jar
HTTP response status: 404 url=http://repo.typesafe.com/typesafe/ivy-releases/org.fusesource.jansi/jansi/1.4/jars/jansi.jar
CLIENT ERROR: Not Found url=http://repo.typesafe.com/typesafe/ivy-releases/org.fusesource.jansi/jansi/1.4/jars/jansi.jar
	typesafe-ivy-releases: resource not reachable for org.fusesource.jansi#jansi;1.4: res=http://repo.typesafe.com/typesafe/ivy-releases/org.fusesource.jansi/jansi/1.4/jars/jansi.jar
	 trying http://repo1.maven.org/maven2/org/fusesource/jansi/jansi/1.4/jansi-1.4.jar
		tried http://repo1.maven.org/maven2/org/fusesource/jansi/jansi/1.4/jansi-1.4.jar
no source artifact found for org.fusesource.jansi#jansi;1.4
no javadoc artifact found for org.fusesource.jansi#jansi;1.4
	default-cache: parsed downloaded md file for org.fusesource.jansi#jansi;1.4; parsed=org.fusesource.jansi#jansi;1.4
	checking org.fusesource.jansi#jansi;1.4 from Maven Central against [none]
	module revision kept as first found: org.fusesource.jansi#jansi;1.4 from Maven Central
	found org.fusesource.jansi#jansi;1.4 in Maven Central
== resolving dependencies org.scala-lang#jline;2.10.4->org.fusesource.jansi#jansi;1.4 [compile->compile(*)]
loadData of org.fusesource.jansi#jansi;1.4 of rootConf=default
== resolving dependencies org.scala-sbt#boot-scala;1.0->org.scala-lang#scala-library;2.10.4 [default->default]
loadData of org.scala-lang#scala-library;2.10.4 of rootConf=default
default is loaded and no conf to load.  Skip loading
== resolving dependencies org.scala-sbt#boot-scala;1.0->org.scala-lang#scala-library;2.10.4 [default->runtime]
loadData of org.scala-lang#scala-library;2.10.4 of rootConf=default
default is loaded and no conf to load.  Skip loading
== resolving dependencies org.scala-sbt#boot-scala;1.0->org.scala-lang#scala-library;2.10.4 [default->compile]
loadData of org.scala-lang#scala-library;2.10.4 of rootConf=default
default is loaded and no conf to load.  Skip loading
== resolving dependencies org.scala-sbt#boot-scala;1.0->org.scala-lang#scala-library;2.10.4 [default->master]
loadData of org.scala-lang#scala-library;2.10.4 of rootConf=default
default is loaded and no conf to load.  Skip loading
Nbr of module to sort : 5
Sort dependencies of : org.scala-lang#scala-compiler;2.10.4 / Number of dependencies = 3
Sort dependencies of : org.scala-lang#scala-library;2.10.4 / Number of dependencies = 0
Sort done for : org.scala-lang#scala-library;2.10.4
Sort dependencies of : org.scala-lang#scala-reflect;2.10.4 / Number of dependencies = 1
Module descriptor is processed : org.scala-lang#scala-library;2.10.4
Sort done for : org.scala-lang#scala-reflect;2.10.4
Sort dependencies of : org.scala-lang#jline;2.10.4 / Number of dependencies = 1
Sort dependencies of : org.fusesource.jansi#jansi;1.4 / Number of dependencies = 1
Sort done for : org.fusesource.jansi#jansi;1.4
Sort done for : org.scala-lang#jline;2.10.4
Sort done for : org.scala-lang#scala-compiler;2.10.4
Module descriptor is processed : org.scala-lang#scala-library;2.10.4
Module descriptor is processed : org.scala-lang#scala-reflect;2.10.4
Module descriptor is processed : org.scala-lang#jline;2.10.4
Module descriptor is processed : org.fusesource.jansi#jansi;1.4
storing dependency org.scala-lang#scala-compiler;2.10.4 in props
storing dependency org.scala-lang#scala-library;2.10.4 in props
	resolved ivy file produced in cache
:: downloading artifacts ::
	[NOT REQUIRED] org.scala-lang#scala-compiler;2.10.4!scala-compiler.jar
	[NOT REQUIRED] org.scala-lang#scala-library;2.10.4!scala-library.jar
	[NOT REQUIRED] org.scala-lang#scala-reflect;2.10.4!scala-reflect.jar
	 trying http://repo1.maven.org/maven2/org/scala-lang/jline/2.10.4/jline-2.10.4.jar
		tried http://repo1.maven.org/maven2/org/scala-lang/jline/2.10.4/jline-2.10.4.jar
downloading http://repo1.maven.org/maven2/org/scala-lang/jline/2.10.4/jline-2.10.4.jar ...
	Maven Central: downloading http://repo1.maven.org/maven2/org/scala-lang/jline/2.10.4/jline-2.10.4.jar
		to C:\scala_dev\projects\misc\C\Users\milori\.ivy2\cache\org.scala-lang\jline\jars\jline-2.10.4.jar.part
sha1 file found for http://repo1.maven.org/maven2/org/scala-lang/jline/2.10.4/jline-2.10.4.jar: checking...
	Maven Central: downloading http://repo1.maven.org/maven2/org/scala-lang/jline/2.10.4/jline-2.10.4.jar.sha1
		to C:\Users\milori\AppData\Local\Temp\ivytmp22885931055409408sha1
sha1 OK for http://repo1.maven.org/maven2/org/scala-lang/jline/2.10.4/jline-2.10.4.jar
	[SUCCESSFUL ] org.scala-lang#jline;2.10.4!jline.jar (117ms)
	 trying http://repo1.maven.org/maven2/org/fusesource/jansi/jansi/1.4/jansi-1.4.jar
		tried http://repo1.maven.org/maven2/org/fusesource/jansi/jansi/1.4/jansi-1.4.jar
downloading http://repo1.maven.org/maven2/org/fusesource/jansi/jansi/1.4/jansi-1.4.jar ...
	Maven Central: downloading http://repo1.maven.org/maven2/org/fusesource/jansi/jansi/1.4/jansi-1.4.jar
		to C:\scala_dev\projects\misc\C\Users\milori\.ivy2\cache\org.fusesource.jansi\jansi\jars\jansi-1.4.jar.part
sha1 file found for http://repo1.maven.org/maven2/org/fusesource/jansi/jansi/1.4/jansi-1.4.jar: checking...
	Maven Central: downloading http://repo1.maven.org/maven2/org/fusesource/jansi/jansi/1.4/jansi-1.4.jar.sha1
		to C:\Users\milori\AppData\Local\Temp\ivytmp9027302442877159288sha1
sha1 OK for http://repo1.maven.org/maven2/org/fusesource/jansi/jansi/1.4/jansi-1.4.jar
	[SUCCESSFUL ] org.fusesource.jansi#jansi;1.4!jansi.jar (36ms)
:: resolution report :: resolve 1258ms :: artifacts dl 159ms
Nbr of module to sort : 5
Sort dependencies of : org.scala-lang#scala-compiler;2.10.4 / Number of dependencies = 3
Sort dependencies of : org.scala-lang#scala-library;2.10.4 / Number of dependencies = 0
Sort done for : org.scala-lang#scala-library;2.10.4
Sort dependencies of : org.scala-lang#scala-reflect;2.10.4 / Number of dependencies = 1
Module descriptor is processed : org.scala-lang#scala-library;2.10.4
Sort done for : org.scala-lang#scala-reflect;2.10.4
Sort dependencies of : org.scala-lang#jline;2.10.4 / Number of dependencies = 1
Sort dependencies of : org.fusesource.jansi#jansi;1.4 / Number of dependencies = 1
Sort done for : org.fusesource.jansi#jansi;1.4
Sort done for : org.scala-lang#jline;2.10.4
Sort done for : org.scala-lang#scala-compiler;2.10.4
Module descriptor is processed : org.scala-lang#scala-library;2.10.4
Module descriptor is processed : org.scala-lang#scala-reflect;2.10.4
Module descriptor is processed : org.scala-lang#jline;2.10.4
Module descriptor is processed : org.fusesource.jansi#jansi;1.4
	report for org.scala-sbt#boot-scala;1.0 default produced in C:\scala_dev\projects\misc\C\Users\milori\.sbt\boot\resolution-cache\org.scala-sbt-boot-scala-default.xml
	resolve done (1258ms resolve - 159ms download)
setting 'scala' to '2.10.4'
:: retrieving :: org.scala-sbt#boot-scala
	checkUpToDate=true
post 1.3 ivy file: using exact as default matcher
no explicit confs given for retrieve, using ivy file: file:/C:/scala_dev/projects/misc/C/Users/milori/.sbt/boot/resolution-cache/resolved-org.scala-sbt-boot-scala-1.0.xml
	confs: [default]
	retrieving C:\scala_dev\projects\misc\C\Users\milori\.ivy2\cache\org.scala-lang\scala-compiler\jars\scala-compiler-2.10.4.jar
		to C:\scala_dev\projects\misc\C\Users\milori\.sbt\boot\scala-2.10.4\lib\scala-compiler.jar
	retrieving C:\scala_dev\projects\misc\C\Users\milori\.ivy2\cache\org.fusesource.jansi\jansi\jars\jansi-1.4.jar
		to C:\scala_dev\projects\misc\C\Users\milori\.sbt\boot\scala-2.10.4\lib\jansi.jar
	retrieving C:\scala_dev\projects\misc\C\Users\milori\.ivy2\cache\org.scala-lang\scala-reflect\jars\scala-reflect-2.10.4.jar
		to C:\scala_dev\projects\misc\C\Users\milori\.sbt\boot\scala-2.10.4\lib\scala-reflect.jar
	retrieving C:\scala_dev\projects\misc\C\Users\milori\.ivy2\cache\org.scala-lang\jline\jars\jline-2.10.4.jar
		to C:\scala_dev\projects\misc\C\Users\milori\.sbt\boot\scala-2.10.4\lib\jline.jar
	retrieving C:\scala_dev\projects\misc\C\Users\milori\.ivy2\cache\org.scala-lang\scala-library\jars\scala-library-2.10.4.jar
		to C:\scala_dev\projects\misc\C\Users\milori\.sbt\boot\scala-2.10.4\lib\scala-library.jar
	5 artifacts copied, 0 already retrieved (24459kB/83ms)
	retrieve done (83ms)
